Using pre-set license
Built from '2022.3/staging' branch; Version is '2022.3.7f1 (b16b3b16c7a0) revision 11627323'; Using compiler version '192829333'; Build Type 'Release'
OS: 'Windows 10  (10.0.19045) 64bit Enterprise' Language: 'en' Physical Memory: 32560 MB
BatchMode: 1, IsHumanControllingUs: 0, StartBugReporterOnCrash: 0, Is64bit: 1, IsPro: 1

COMMAND LINE ARGUMENTS:
C:\Program Files\Unity\Hub\Editor\2022.3.7f1\Editor\Unity.exe
-adb2
-batchMode
-noUpm
-name
AssetImportWorker2
-projectPath
C:/Users/Patricia.Gallant/Desktop/GitHub/UnityPlayground
-logFile
Logs/AssetImportWorker2.log
-srvPort
54117
Successfully changed project path to: C:/Users/Patricia.Gallant/Desktop/GitHub/UnityPlayground
C:/Users/Patricia.Gallant/Desktop/GitHub/UnityPlayground
[UnityMemory] Configuration Parameters - Can be set up in boot.config
    "memorysetup-bucket-allocator-granularity=16"
    "memorysetup-bucket-allocator-bucket-count=8"
    "memorysetup-bucket-allocator-block-size=33554432"
    "memorysetup-bucket-allocator-block-count=8"
    "memorysetup-main-allocator-block-size=16777216"
    "memorysetup-thread-allocator-block-size=16777216"
    "memorysetup-gfx-main-allocator-block-size=16777216"
    "memorysetup-gfx-thread-allocator-block-size=16777216"
    "memorysetup-cache-allocator-block-size=4194304"
    "memorysetup-typetree-allocator-block-size=2097152"
    "memorysetup-profiler-bucket-allocator-granularity=16"
    "memorysetup-profiler-bucket-allocator-bucket-count=8"
    "memorysetup-profiler-bucket-allocator-block-size=33554432"
    "memorysetup-profiler-bucket-allocator-block-count=8"
    "memorysetup-profiler-allocator-block-size=16777216"
    "memorysetup-profiler-editor-allocator-block-size=1048576"
    "memorysetup-temp-allocator-size-main=16777216"
    "memorysetup-job-temp-allocator-block-size=2097152"
    "memorysetup-job-temp-allocator-block-size-background=1048576"
    "memorysetup-job-temp-allocator-reduction-small-platforms=262144"
    "memorysetup-allocator-temp-initial-block-size-main=262144"
    "memorysetup-allocator-temp-initial-block-size-worker=262144"
    "memorysetup-temp-allocator-size-background-worker=32768"
    "memorysetup-temp-allocator-size-job-worker=262144"
    "memorysetup-temp-allocator-size-preload-manager=33554432"
    "memorysetup-temp-allocator-size-nav-mesh-worker=65536"
    "memorysetup-temp-allocator-size-audio-worker=65536"
    "memorysetup-temp-allocator-size-cloud-worker=32768"
    "memorysetup-temp-allocator-size-gi-baking-worker=262144"
    "memorysetup-temp-allocator-size-gfx=262144"
Player connection [40404] Host "[IP] 10.14.192.103 [Port] 0 [Flags] 2 [Guid] 895142329 [EditorId] 895142329 [Version] 1048832 [Id] WindowsEditor(7,CT925-233-1) [Debug] 1 [PackageName] WindowsEditor [ProjectName] Editor" joined multi-casting on [225.0.0.222:54997]...

Player connection [40404] Host "[IP] 10.14.192.103 [Port] 0 [Flags] 2 [Guid] 895142329 [EditorId] 895142329 [Version] 1048832 [Id] WindowsEditor(7,CT925-233-1) [Debug] 1 [PackageName] WindowsEditor [ProjectName] Editor" joined alternative multi-casting on [225.0.0.222:34997]...

Refreshing native plugins compatible for Editor in 35.48 ms, found 2 plugins.
Preloading 0 native plugins for Editor in 0.00 ms.
Initialize engine version: 2022.3.7f1 (b16b3b16c7a0)
[Subsystems] Discovering subsystems at path C:/Program Files/Unity/Hub/Editor/2022.3.7f1/Editor/Data/Resources/UnitySubsystems
[Subsystems] Discovering subsystems at path C:/Users/Patricia.Gallant/Desktop/GitHub/UnityPlayground/Assets
GfxDevice: creating device client; threaded=0; jobified=0
Direct3D:
    Version:  Direct3D 11.0 [level 11.1]
    Renderer: NVIDIA GeForce RTX 3070 (ID=0x2488)
    Vendor:   NVIDIA
    VRAM:     8031 MB
    Driver:   31.0.15.3619
Initialize mono
Mono path[0] = 'C:/Program Files/Unity/Hub/Editor/2022.3.7f1/Editor/Data/Managed'
Mono path[1] = 'C:/Program Files/Unity/Hub/Editor/2022.3.7f1/Editor/Data/MonoBleedingEdge/lib/mono/unityjit-win32'
Mono config path = 'C:/Program Files/Unity/Hub/Editor/2022.3.7f1/Editor/Data/MonoBleedingEdge/etc'
Using monoOptions --debugger-agent=transport=dt_socket,embedding=1,server=y,suspend=n,address=127.0.0.1:56364
Begin MonoManager ReloadAssembly
Registering precompiled unity dll's ...
Register platform support module: C:/Program Files/Unity/Hub/Editor/2022.3.7f1/Editor/Data/PlaybackEngines/WebGLSupport/UnityEditor.WebGL.Extensions.dll
Register platform support module: C:/Program Files/Unity/Hub/Editor/2022.3.7f1/Editor/Data/PlaybackEngines/AndroidPlayer/UnityEditor.Android.Extensions.dll
Register platform support module: C:/Program Files/Unity/Hub/Editor/2022.3.7f1/Editor/Data/PlaybackEngines/iOSSupport/UnityEditor.iOS.Extensions.dll
Register platform support module: C:/Program Files/Unity/Hub/Editor/2022.3.7f1/Editor/Data/PlaybackEngines/WindowsStandaloneSupport/UnityEditor.WindowsStandalone.Extensions.dll
Register platform support module: C:/Program Files/Unity/Hub/Editor/2022.3.7f1/Editor/Data/PlaybackEngines/MetroSupport/UnityEditor.UWP.Extensions.dll
Registered in 0.046316 seconds.
- Loaded All Assemblies, in  0.640 seconds
Native extension for UWP target not found
Native extension for WindowsStandalone target not found
[usbmuxd] Start listen thread
Native extension for iOS target not found
[usbmuxd] Listen thread started
Native extension for Android target not found
Android Extension - Scanning For ADB Devices 1028 ms
Native extension for WebGL target not found
Mono: successfully reloaded assembly
- Finished resetting the current domain, in  1.554 seconds
Domain Reload Profiling: 2187ms
	BeginReloadAssembly (181ms)
		ExecutionOrderSort (0ms)
		DisableScriptedObjects (0ms)
		BackupInstance (0ms)
		ReleaseScriptingObjects (0ms)
		CreateAndSetChildDomain (1ms)
	RebuildCommonClasses (45ms)
	RebuildNativeTypeToScriptingClass (12ms)
	initialDomainReloadingComplete (138ms)
	LoadAllAssembliesAndSetupDomain (257ms)
		LoadAssemblies (179ms)
		RebuildTransferFunctionScriptingTraits (0ms)
		AnalyzeDomain (250ms)
			TypeCache.Refresh (248ms)
				TypeCache.ScanAssembly (231ms)
			ScanForSourceGeneratedMonoScriptInfo (0ms)
			ResolveRequiredComponents (1ms)
	FinalizeReload (1555ms)
		ReleaseScriptCaches (0ms)
		RebuildScriptCaches (0ms)
		SetupLoadedEditorAssemblies (1457ms)
			LogAssemblyErrors (0ms)
			InitializePlatformSupportModulesInManaged (1228ms)
			SetLoadedEditorAssemblies (7ms)
			RefreshPlugins (0ms)
			BeforeProcessingInitializeOnLoad (3ms)
			ProcessInitializeOnLoadAttributes (143ms)
			ProcessInitializeOnLoadMethodAttributes (76ms)
			AfterProcessingInitializeOnLoad (0ms)
			EditorAssembliesLoaded (0ms)
		ExecutionOrderSort2 (0ms)
		AwakeInstancesAfterBackupRestoration (0ms)
========================================================================
Worker process is ready to serve import requests
Begin MonoManager ReloadAssembly
Symbol file LoadedFromMemory is not a mono symbol file
- Loaded All Assemblies, in  1.184 seconds
Refreshing native plugins compatible for Editor in 20.63 ms, found 2 plugins.
Native extension for UWP target not found
Native extension for WindowsStandalone target not found
Native extension for iOS target not found
Native extension for Android target not found
Native extension for WebGL target not found
Mono: successfully reloaded assembly
- Finished resetting the current domain, in  1.093 seconds
Domain Reload Profiling: 2258ms
	BeginReloadAssembly (259ms)
		ExecutionOrderSort (0ms)
		DisableScriptedObjects (17ms)
		BackupInstance (0ms)
		ReleaseScriptingObjects (0ms)
		CreateAndSetChildDomain (27ms)
	RebuildCommonClasses (39ms)
	RebuildNativeTypeToScriptingClass (13ms)
	initialDomainReloadingComplete (72ms)
	LoadAllAssembliesAndSetupDomain (780ms)
		LoadAssemblies (745ms)
		RebuildTransferFunctionScriptingTraits (0ms)
		AnalyzeDomain (186ms)
			TypeCache.Refresh (152ms)
				TypeCache.ScanAssembly (130ms)
			ScanForSourceGeneratedMonoScriptInfo (28ms)
			ResolveRequiredComponents (4ms)
	FinalizeReload (1094ms)
		ReleaseScriptCaches (0ms)
		RebuildScriptCaches (0ms)
		SetupLoadedEditorAssemblies (807ms)
			LogAssemblyErrors (0ms)
			InitializePlatformSupportModulesInManaged (79ms)
			SetLoadedEditorAssemblies (30ms)
			RefreshPlugins (0ms)
			BeforeProcessingInitializeOnLoad (168ms)
			ProcessInitializeOnLoadAttributes (283ms)
			ProcessInitializeOnLoadMethodAttributes (231ms)
			AfterProcessingInitializeOnLoad (15ms)
			EditorAssembliesLoaded (0ms)
		ExecutionOrderSort2 (0ms)
		AwakeInstancesAfterBackupRestoration (17ms)
Launched and connected shader compiler UnityShaderCompiler.exe after 0.09 seconds
Refreshing native plugins compatible for Editor in 7.75 ms, found 2 plugins.
Preloading 0 native plugins for Editor in 0.00 ms.
Unloading 2584 Unused Serialized files (Serialized files now loaded: 0)
Unloading 60 unused Assets / (68.2 KB). Loaded Objects now: 3030.
Memory consumption went from 109.4 MB to 109.3 MB.
Total: 4.411400 ms (FindLiveObjects: 0.133900 ms CreateObjectMapping: 0.050800 ms MarkObjects: 4.141400 ms  DeleteObjects: 0.083800 ms)

AssetImportParameters requested are different than current active one (requested -> active):
  custom:video-decoder-webm-vp8: 9c59270c3fd7afecdb556c50c9e8de78 -> 
  custom:scripting/monoscript/fileName/BoxCollider2DInspector.cs: ffe8369810cbe27999b6e12b6dc0d152 -> 
  custom:scripting/monoscript/fileName/CapsuleCollider2DInspector.cs: fa3d3e30a52c087c8ff9e37179437120 -> 
  custom:SearchIndexIgnoredProperties: e643bd26f0fe6173181afceb89e7c659 -> 
  custom:scripting/monoscript/fileName/EdgeCollider2DInspector.cs: 6d4c059bf299caf179946b3deab394bd -> 
  custom:container-demuxer-ogg: 62fdf1f143b41e24485cea50d1cbac27 -> 
  custom:AudioImporter_EditorPlatform: d09bf68614088b80899f8185d706f6e7 -> 
  custom:scripting/monoscript/fileName/SpriteRendererInspector.cs: c2967c6cfffde3ba6ac62820cbed562e -> 
  custom:video-decoder-ogg-theora: a1e56fd34408186e4bbccfd4996cb3dc -> 
  custom:scripting/monoscript/fileName/TransformInspector.cs: 72dd3684876f2116e3d7bc62fe53cac0 -> 
  custom:scripting/monoscript/fileName/CameraInspector.cs: c0e1ff234a743945801d89558fc74f9c -> 
  custom:framework-win-MediaFoundation: 216162199b28c13a410421893ffa2e32 -> 
  custom:scripting/monoscript/fileName/Rigidbody2DInspector.cs: 1435e0fd38f8fd5b4bd12eed0db19b70 -> 
  custom:scripting/monoscript/fileName/CircleCollider2DInspector.cs: 2781504f7ebb5897aebc2a00e1a74c84 -> 
  custom:scripting/monoscript/fileName/TilemapCollider2DInspector.cs: 9ba25400e38e10108e92cce64b2612b1 -> 
  custom:video-encoder-webm-vp8: eb34c28f22e8b96e1ab97ce403110664 -> 
  custom:audio-decoder-ogg-vorbis: bf7c407c2cedff20999df2af8eb42d56 -> 
  custom:CustomObjectIndexerAttribute: 756ad292c208cfabdd7b50bc23989ffe -> 
  custom:scripting/monoscript/fileName/GameObjectInspector.cs: a76f41c645dd4a6ab364000d33857446 -> 
  custom:scripting/monoscript/fileName/PolygonCollider2DInspector.cs: 57904cd123fcf0a572d83dacff8e9d4a -> 
  custom:container-demuxer-webm: 4f35f7cbe854078d1ac9338744f61a02 -> 
  custom:audio-encoder-webm-vorbis: bf7c407c2cedff20999df2af8eb42d56 -> 
  custom:container-muxer-webm: aa71ff27fc2769a1b78a27578f13a17b -> 
========================================================================
Received Import Request.
  Time since last request: 675308.237368 seconds.
  path: Assets/_INTERNAL_/Resources/Textures/Blue.png
  artifactKey: Guid(f89eac36084a1419997f84f5ab806f73) Importer(2089858483,0ecaa5967403d082aa24f35e1b516d23)
Start importing Assets/_INTERNAL_/Resources/Textures/Blue.png using Guid(f89eac36084a1419997f84f5ab806f73) Importer(2089858483,0ecaa5967403d082aa24f35e1b516d23) Generated GUIDs only implemented for interfaces!
 -> (artifact id: 'df1b320209ec1236165edef8863ba36e') in 0.267154 seconds
Number of updated asset objects reloaded before import = 0
Number of asset objects unloaded after import = 3
========================================================================
Received Import Request.
  Time since last request: 0.000415 seconds.
  path: Assets/_INTERNAL_/Scripts/Editor/Gameplay/ObjectCreatorAreaInspector.cs
  artifactKey: Guid(db8fad5302abe4101a7d6ca99a4e7b95) Importer(2089858483,0ecaa5967403d082aa24f35e1b516d23)
Start importing Assets/_INTERNAL_/Scripts/Editor/Gameplay/ObjectCreatorAreaInspector.cs using Guid(db8fad5302abe4101a7d6ca99a4e7b95) Importer(2089858483,0ecaa5967403d082aa24f35e1b516d23) Generated GUIDs only implemented for interfaces!
 -> (artifact id: '2d7c99a4afc2092156ae92f2dec98f91') in 0.010253 seconds
Number of updated asset objects reloaded before import = 0
Number of asset objects unloaded after import = 1
========================================================================
Received Import Request.
  Time since last request: 0.000019 seconds.
  path: Assets/_INTERNAL_/Resources/Textures/MidGrey.png
  artifactKey: Guid(3faab39d77dcf4780b583401bfca61b8) Importer(2089858483,0ecaa5967403d082aa24f35e1b516d23)
Start importing Assets/_INTERNAL_/Resources/Textures/MidGrey.png using Guid(3faab39d77dcf4780b583401bfca61b8) Importer(2089858483,0ecaa5967403d082aa24f35e1b516d23) Generated GUIDs only implemented for interfaces!
 -> (artifact id: '63867bde054ee01d361290723ca6f1ba') in 0.039304 seconds
Number of updated asset objects reloaded before import = 0
Number of asset objects unloaded after import = 1
========================================================================
Received Import Request.
  Time since last request: 0.000543 seconds.
  path: Assets/_INTERNAL_/Scripts/BaseClasses/Action.cs
  artifactKey: Guid(8fd87a704e24942e284f1e5ba1889c71) Importer(2089858483,0ecaa5967403d082aa24f35e1b516d23)
Start importing Assets/_INTERNAL_/Scripts/BaseClasses/Action.cs using Guid(8fd87a704e24942e284f1e5ba1889c71) Importer(2089858483,0ecaa5967403d082aa24f35e1b516d23) Generated GUIDs only implemented for interfaces!
 -> (artifact id: '98cae3aa63993987dffa0bc44c844653') in 0.010370 seconds
Number of updated asset objects reloaded before import = 0
Number of asset objects unloaded after import = 1
========================================================================
Received Import Request.
  Time since last request: 0.000023 seconds.
  path: Assets/_INTERNAL_/Scripts/Editor/DefaultComponents/CircleCollider2DInspector.cs
  artifactKey: Guid(439cce051c2f045e5954e749d409b006) Importer(2089858483,0ecaa5967403d082aa24f35e1b516d23)
Start importing Assets/_INTERNAL_/Scripts/Editor/DefaultComponents/CircleCollider2DInspector.cs using Guid(439cce051c2f045e5954e749d409b006) Importer(2089858483,0ecaa5967403d082aa24f35e1b516d23) Generated GUIDs only implemented for interfaces!
 -> (artifact id: '2b3076e03f961ad6d0f3194b82962a99') in 0.010274 seconds
Number of updated asset objects reloaded before import = 0
Number of asset objects unloaded after import = 1
========================================================================
Received Import Request.
  Time since last request: 0.000018 seconds.
  path: Assets/_INTERNAL_/Scripts/Editor/Conditions/ConditionRepeatInspector.cs
  artifactKey: Guid(f3e6057a42fc84e5285250961df72837) Importer(2089858483,0ecaa5967403d082aa24f35e1b516d23)
Start importing Assets/_INTERNAL_/Scripts/Editor/Conditions/ConditionRepeatInspector.cs using Guid(f3e6057a42fc84e5285250961df72837) Importer(2089858483,0ecaa5967403d082aa24f35e1b516d23) Generated GUIDs only implemented for interfaces!
 -> (artifact id: 'a887d66ed9048082faead5ada42406db') in 0.007861 seconds
Number of updated asset objects reloaded before import = 0
Number of asset objects unloaded after import = 1
========================================================================
Received Import Request.
  Time since last request: 0.000016 seconds.
  path: Assets/_INTERNAL_/Scripts/Editor/Conditions/ConditionAreaInspector.cs
  artifactKey: Guid(54dc311bbe9de410fb35924bacb5f855) Importer(2089858483,0ecaa5967403d082aa24f35e1b516d23)
Start importing Assets/_INTERNAL_/Scripts/Editor/Conditions/ConditionAreaInspector.cs using Guid(54dc311bbe9de410fb35924bacb5f855) Importer(2089858483,0ecaa5967403d082aa24f35e1b516d23) Generated GUIDs only implemented for interfaces!
 -> (artifact id: 'e1997a427014bfda08d2bc2472da3fbe') in 0.026387 seconds
Number of updated asset objects reloaded before import = 0
Number of asset objects unloaded after import = 1
========================================================================
Received Import Request.
  Time since last request: 0.000018 seconds.
  path: Assets/_INTERNAL_/Scripts/Utilities/Enums.cs
  artifactKey: Guid(bf2bac48d9da84bb0ba835d5b3882a2d) Importer(2089858483,0ecaa5967403d082aa24f35e1b516d23)
Start importing Assets/_INTERNAL_/Scripts/Utilities/Enums.cs using Guid(bf2bac48d9da84bb0ba835d5b3882a2d) Importer(2089858483,0ecaa5967403d082aa24f35e1b516d23) Generated GUIDs only implemented for interfaces!
 -> (artifact id: 'db3e0100758a7d07c82df5c40d8d48c8') in 0.016639 seconds
Number of updated asset objects reloaded before import = 0
Number of asset objects unloaded after import = 1
========================================================================
Received Import Request.
  Time since last request: 0.000015 seconds.
  path: Assets/_INTERNAL_/Scripts/Editor/Conditions/Actions/CreateObjectActionInspector.cs
  artifactKey: Guid(837a45dbff9b44c589f37b276690c3bf) Importer(2089858483,0ecaa5967403d082aa24f35e1b516d23)
Start importing Assets/_INTERNAL_/Scripts/Editor/Conditions/Actions/CreateObjectActionInspector.cs using Guid(837a45dbff9b44c589f37b276690c3bf) Importer(2089858483,0ecaa5967403d082aa24f35e1b516d23) Generated GUIDs only implemented for interfaces!
 -> (artifact id: '843ceee7a6091c7058e6e5abbb25f8cd') in 0.008604 seconds
Number of updated asset objects reloaded before import = 0
Number of asset objects unloaded after import = 1
========================================================================
Received Import Request.
  Time since last request: 0.000017 seconds.
  path: Assets/_INTERNAL_/Scripts/Editor/Conditions/Actions/LoadLevelActionInspector.cs
  artifactKey: Guid(df3c7eecac3c043d6964f28c018824b3) Importer(2089858483,0ecaa5967403d082aa24f35e1b516d23)
Start importing Assets/_INTERNAL_/Scripts/Editor/Conditions/Actions/LoadLevelActionInspector.cs using Guid(df3c7eecac3c043d6964f28c018824b3) Importer(2089858483,0ecaa5967403d082aa24f35e1b516d23) Generated GUIDs only implemented for interfaces!
 -> (artifact id: '2129cd9ecbeed308aabe302981b1c7d0') in 0.009731 seconds
Number of updated asset objects reloaded before import = 0
Number of asset objects unloaded after import = 1
========================================================================
Received Import Request.
  Time since last request: 0.000017 seconds.
  path: Assets/_INTERNAL_/Scripts/Editor/MenuItemFunctions.cs
  artifactKey: Guid(91589366f673f435095dd2b56548bea7) Importer(2089858483,0ecaa5967403d082aa24f35e1b516d23)
Start importing Assets/_INTERNAL_/Scripts/Editor/MenuItemFunctions.cs using Guid(91589366f673f435095dd2b56548bea7) Importer(2089858483,0ecaa5967403d082aa24f35e1b516d23) Generated GUIDs only implemented for interfaces!
 -> (artifact id: 'ecef5b1036d0bf77c6a1bd1c24c3d7c3') in 0.007916 seconds
Number of updated asset objects reloaded before import = 0
Number of asset objects unloaded after import = 1
========================================================================
Received Import Request.
  Time since last request: 0.000016 seconds.
  path: Assets/_INTERNAL_/Scripts/Editor/Conditions/Actions/TeleportActionInspector.cs
  artifactKey: Guid(9176ebf040b5741699656743e69f53dd) Importer(2089858483,0ecaa5967403d082aa24f35e1b516d23)
Start importing Assets/_INTERNAL_/Scripts/Editor/Conditions/Actions/TeleportActionInspector.cs using Guid(9176ebf040b5741699656743e69f53dd) Importer(2089858483,0ecaa5967403d082aa24f35e1b516d23) Generated GUIDs only implemented for interfaces!
 -> (artifact id: '1c59b8c0ecffaf1fabd4bc58bb3eed49') in 0.007126 seconds
Number of updated asset objects reloaded before import = 0
Number of asset objects unloaded after import = 1
