Using pre-set license
Built from '2022.3/staging' branch; Version is '2022.3.7f1 (b16b3b16c7a0) revision 11627323'; Using compiler version '192829333'; Build Type 'Release'
OS: 'Windows 10  (10.0.19045) 64bit Enterprise' Language: 'en' Physical Memory: 32560 MB
BatchMode: 1, IsHumanControllingUs: 0, StartBugReporterOnCrash: 0, Is64bit: 1, IsPro: 1

COMMAND LINE ARGUMENTS:
C:\Program Files\Unity\Hub\Editor\2022.3.7f1\Editor\Unity.exe
-adb2
-batchMode
-noUpm
-name
AssetImportWorker4
-projectPath
C:/Users/Patricia.Gallant/Desktop/GitHub/UnityPlayground
-logFile
Logs/AssetImportWorker4.log
-srvPort
54117
Successfully changed project path to: C:/Users/Patricia.Gallant/Desktop/GitHub/UnityPlayground
C:/Users/Patricia.Gallant/Desktop/GitHub/UnityPlayground
[UnityMemory] Configuration Parameters - Can be set up in boot.config
    "memorysetup-bucket-allocator-granularity=16"
    "memorysetup-bucket-allocator-bucket-count=8"
    "memorysetup-bucket-allocator-block-size=33554432"
    "memorysetup-bucket-allocator-block-count=8"
    "memorysetup-main-allocator-block-size=16777216"
    "memorysetup-thread-allocator-block-size=16777216"
    "memorysetup-gfx-main-allocator-block-size=16777216"
    "memorysetup-gfx-thread-allocator-block-size=16777216"
    "memorysetup-cache-allocator-block-size=4194304"
    "memorysetup-typetree-allocator-block-size=2097152"
    "memorysetup-profiler-bucket-allocator-granularity=16"
    "memorysetup-profiler-bucket-allocator-bucket-count=8"
    "memorysetup-profiler-bucket-allocator-block-size=33554432"
    "memorysetup-profiler-bucket-allocator-block-count=8"
    "memorysetup-profiler-allocator-block-size=16777216"
    "memorysetup-profiler-editor-allocator-block-size=1048576"
    "memorysetup-temp-allocator-size-main=16777216"
    "memorysetup-job-temp-allocator-block-size=2097152"
    "memorysetup-job-temp-allocator-block-size-background=1048576"
    "memorysetup-job-temp-allocator-reduction-small-platforms=262144"
    "memorysetup-allocator-temp-initial-block-size-main=262144"
    "memorysetup-allocator-temp-initial-block-size-worker=262144"
    "memorysetup-temp-allocator-size-background-worker=32768"
    "memorysetup-temp-allocator-size-job-worker=262144"
    "memorysetup-temp-allocator-size-preload-manager=33554432"
    "memorysetup-temp-allocator-size-nav-mesh-worker=65536"
    "memorysetup-temp-allocator-size-audio-worker=65536"
    "memorysetup-temp-allocator-size-cloud-worker=32768"
    "memorysetup-temp-allocator-size-gi-baking-worker=262144"
    "memorysetup-temp-allocator-size-gfx=262144"
Player connection [17712] Host "[IP] 10.14.192.103 [Port] 0 [Flags] 2 [Guid] 3784739415 [EditorId] 3784739415 [Version] 1048832 [Id] WindowsEditor(7,CT925-233-1) [Debug] 1 [PackageName] WindowsEditor [ProjectName] Editor" joined multi-casting on [225.0.0.222:54997]...

Player connection [17712] Host "[IP] 10.14.192.103 [Port] 0 [Flags] 2 [Guid] 3784739415 [EditorId] 3784739415 [Version] 1048832 [Id] WindowsEditor(7,CT925-233-1) [Debug] 1 [PackageName] WindowsEditor [ProjectName] Editor" joined alternative multi-casting on [225.0.0.222:34997]...

Refreshing native plugins compatible for Editor in 41.43 ms, found 2 plugins.
Preloading 0 native plugins for Editor in 0.00 ms.
Initialize engine version: 2022.3.7f1 (b16b3b16c7a0)
[Subsystems] Discovering subsystems at path C:/Program Files/Unity/Hub/Editor/2022.3.7f1/Editor/Data/Resources/UnitySubsystems
[Subsystems] Discovering subsystems at path C:/Users/Patricia.Gallant/Desktop/GitHub/UnityPlayground/Assets
GfxDevice: creating device client; threaded=0; jobified=0
Direct3D:
    Version:  Direct3D 11.0 [level 11.1]
    Renderer: NVIDIA GeForce RTX 3070 (ID=0x2488)
    Vendor:   NVIDIA
    VRAM:     8031 MB
    Driver:   31.0.15.3619
Initialize mono
Mono path[0] = 'C:/Program Files/Unity/Hub/Editor/2022.3.7f1/Editor/Data/Managed'
Mono path[1] = 'C:/Program Files/Unity/Hub/Editor/2022.3.7f1/Editor/Data/MonoBleedingEdge/lib/mono/unityjit-win32'
Mono config path = 'C:/Program Files/Unity/Hub/Editor/2022.3.7f1/Editor/Data/MonoBleedingEdge/etc'
Using monoOptions --debugger-agent=transport=dt_socket,embedding=1,server=y,suspend=n,address=127.0.0.1:56240
Begin MonoManager ReloadAssembly
Registering precompiled unity dll's ...
Register platform support module: C:/Program Files/Unity/Hub/Editor/2022.3.7f1/Editor/Data/PlaybackEngines/WebGLSupport/UnityEditor.WebGL.Extensions.dll
Register platform support module: C:/Program Files/Unity/Hub/Editor/2022.3.7f1/Editor/Data/PlaybackEngines/AndroidPlayer/UnityEditor.Android.Extensions.dll
Register platform support module: C:/Program Files/Unity/Hub/Editor/2022.3.7f1/Editor/Data/PlaybackEngines/iOSSupport/UnityEditor.iOS.Extensions.dll
Register platform support module: C:/Program Files/Unity/Hub/Editor/2022.3.7f1/Editor/Data/PlaybackEngines/WindowsStandaloneSupport/UnityEditor.WindowsStandalone.Extensions.dll
Register platform support module: C:/Program Files/Unity/Hub/Editor/2022.3.7f1/Editor/Data/PlaybackEngines/MetroSupport/UnityEditor.UWP.Extensions.dll
Registered in 0.033016 seconds.
- Loaded All Assemblies, in  0.657 seconds
Native extension for UWP target not found
Native extension for WindowsStandalone target not found
[usbmuxd] Start listen thread
[usbmuxd] Listen thread started
Native extension for iOS target not found
Native extension for Android target not found
Android Extension - Scanning For ADB Devices 1523 ms
Native extension for WebGL target not found
Mono: successfully reloaded assembly
- Finished resetting the current domain, in  2.113 seconds
Domain Reload Profiling: 2767ms
	BeginReloadAssembly (201ms)
		ExecutionOrderSort (0ms)
		DisableScriptedObjects (0ms)
		BackupInstance (0ms)
		ReleaseScriptingObjects (0ms)
		CreateAndSetChildDomain (2ms)
	RebuildCommonClasses (47ms)
	RebuildNativeTypeToScriptingClass (17ms)
	initialDomainReloadingComplete (137ms)
	LoadAllAssembliesAndSetupDomain (251ms)
		LoadAssemblies (196ms)
		RebuildTransferFunctionScriptingTraits (0ms)
		AnalyzeDomain (245ms)
			TypeCache.Refresh (243ms)
				TypeCache.ScanAssembly (216ms)
			ScanForSourceGeneratedMonoScriptInfo (0ms)
			ResolveRequiredComponents (1ms)
	FinalizeReload (2114ms)
		ReleaseScriptCaches (0ms)
		RebuildScriptCaches (0ms)
		SetupLoadedEditorAssemblies (2005ms)
			LogAssemblyErrors (0ms)
			InitializePlatformSupportModulesInManaged (1755ms)
			SetLoadedEditorAssemblies (5ms)
			RefreshPlugins (0ms)
			BeforeProcessingInitializeOnLoad (3ms)
			ProcessInitializeOnLoadAttributes (168ms)
			ProcessInitializeOnLoadMethodAttributes (74ms)
			AfterProcessingInitializeOnLoad (0ms)
			EditorAssembliesLoaded (0ms)
		ExecutionOrderSort2 (0ms)
		AwakeInstancesAfterBackupRestoration (0ms)
========================================================================
Worker process is ready to serve import requests
Begin MonoManager ReloadAssembly
Symbol file LoadedFromMemory is not a mono symbol file
- Loaded All Assemblies, in  1.214 seconds
Refreshing native plugins compatible for Editor in 36.80 ms, found 2 plugins.
Native extension for UWP target not found
Native extension for WindowsStandalone target not found
Native extension for iOS target not found
Native extension for Android target not found
Native extension for WebGL target not found
Mono: successfully reloaded assembly
- Finished resetting the current domain, in  0.937 seconds
Domain Reload Profiling: 2141ms
	BeginReloadAssembly (247ms)
		ExecutionOrderSort (0ms)
		DisableScriptedObjects (8ms)
		BackupInstance (0ms)
		ReleaseScriptingObjects (0ms)
		CreateAndSetChildDomain (23ms)
	RebuildCommonClasses (49ms)
	RebuildNativeTypeToScriptingClass (15ms)
	initialDomainReloadingComplete (67ms)
	LoadAllAssembliesAndSetupDomain (827ms)
		LoadAssemblies (754ms)
		RebuildTransferFunctionScriptingTraits (0ms)
		AnalyzeDomain (231ms)
			TypeCache.Refresh (152ms)
				TypeCache.ScanAssembly (124ms)
			ScanForSourceGeneratedMonoScriptInfo (74ms)
			ResolveRequiredComponents (4ms)
	FinalizeReload (937ms)
		ReleaseScriptCaches (0ms)
		RebuildScriptCaches (0ms)
		SetupLoadedEditorAssemblies (699ms)
			LogAssemblyErrors (0ms)
			InitializePlatformSupportModulesInManaged (53ms)
			SetLoadedEditorAssemblies (5ms)
			RefreshPlugins (0ms)
			BeforeProcessingInitializeOnLoad (125ms)
			ProcessInitializeOnLoadAttributes (322ms)
			ProcessInitializeOnLoadMethodAttributes (180ms)
			AfterProcessingInitializeOnLoad (13ms)
			EditorAssembliesLoaded (0ms)
		ExecutionOrderSort2 (0ms)
		AwakeInstancesAfterBackupRestoration (12ms)
Launched and connected shader compiler UnityShaderCompiler.exe after 0.08 seconds
Refreshing native plugins compatible for Editor in 10.15 ms, found 2 plugins.
Preloading 0 native plugins for Editor in 0.00 ms.
Unloading 2584 Unused Serialized files (Serialized files now loaded: 0)
Unloading 60 unused Assets / (68.2 KB). Loaded Objects now: 3030.
Memory consumption went from 109.4 MB to 109.3 MB.
Total: 5.342400 ms (FindLiveObjects: 0.279200 ms CreateObjectMapping: 0.129400 ms MarkObjects: 4.840200 ms  DeleteObjects: 0.092500 ms)

AssetImportParameters requested are different than current active one (requested -> active):
  custom:video-decoder-webm-vp8: 9c59270c3fd7afecdb556c50c9e8de78 -> 
  custom:scripting/monoscript/fileName/BoxCollider2DInspector.cs: ffe8369810cbe27999b6e12b6dc0d152 -> 
  custom:scripting/monoscript/fileName/CapsuleCollider2DInspector.cs: fa3d3e30a52c087c8ff9e37179437120 -> 
  custom:SearchIndexIgnoredProperties: e643bd26f0fe6173181afceb89e7c659 -> 
  custom:scripting/monoscript/fileName/EdgeCollider2DInspector.cs: 6d4c059bf299caf179946b3deab394bd -> 
  custom:container-demuxer-ogg: 62fdf1f143b41e24485cea50d1cbac27 -> 
  custom:AudioImporter_EditorPlatform: d09bf68614088b80899f8185d706f6e7 -> 
  custom:scripting/monoscript/fileName/SpriteRendererInspector.cs: c2967c6cfffde3ba6ac62820cbed562e -> 
  custom:video-decoder-ogg-theora: a1e56fd34408186e4bbccfd4996cb3dc -> 
  custom:scripting/monoscript/fileName/TransformInspector.cs: 72dd3684876f2116e3d7bc62fe53cac0 -> 
  custom:scripting/monoscript/fileName/CameraInspector.cs: c0e1ff234a743945801d89558fc74f9c -> 
  custom:framework-win-MediaFoundation: 216162199b28c13a410421893ffa2e32 -> 
  custom:scripting/monoscript/fileName/Rigidbody2DInspector.cs: 1435e0fd38f8fd5b4bd12eed0db19b70 -> 
  custom:scripting/monoscript/fileName/CircleCollider2DInspector.cs: 2781504f7ebb5897aebc2a00e1a74c84 -> 
  custom:scripting/monoscript/fileName/TilemapCollider2DInspector.cs: 9ba25400e38e10108e92cce64b2612b1 -> 
  custom:video-encoder-webm-vp8: eb34c28f22e8b96e1ab97ce403110664 -> 
  custom:audio-decoder-ogg-vorbis: bf7c407c2cedff20999df2af8eb42d56 -> 
  custom:CustomObjectIndexerAttribute: 756ad292c208cfabdd7b50bc23989ffe -> 
  custom:scripting/monoscript/fileName/GameObjectInspector.cs: a76f41c645dd4a6ab364000d33857446 -> 
  custom:scripting/monoscript/fileName/PolygonCollider2DInspector.cs: 57904cd123fcf0a572d83dacff8e9d4a -> 
  custom:container-demuxer-webm: 4f35f7cbe854078d1ac9338744f61a02 -> 
  custom:audio-encoder-webm-vorbis: bf7c407c2cedff20999df2af8eb42d56 -> 
  custom:container-muxer-webm: aa71ff27fc2769a1b78a27578f13a17b -> 
========================================================================
Received Import Request.
  Time since last request: 675308.237230 seconds.
  path: Assets/_INTERNAL_/Resources/ScriptableObjects/InventoryResources.asset
  artifactKey: Guid(b8ff4dbf6d658434da766c799ebbf8d9) Importer(2089858483,0ecaa5967403d082aa24f35e1b516d23)
Start importing Assets/_INTERNAL_/Resources/ScriptableObjects/InventoryResources.asset using Guid(b8ff4dbf6d658434da766c799ebbf8d9) Importer(2089858483,0ecaa5967403d082aa24f35e1b516d23) Generated GUIDs only implemented for interfaces!
 -> (artifact id: '45d5d752d75d876ee8dbfb40edf2a56b') in 0.192295 seconds
Number of updated asset objects reloaded before import = 0
Number of asset objects unloaded after import = 1
========================================================================
Received Import Request.
  Time since last request: 0.000263 seconds.
  path: Assets/_INTERNAL_/Scripts/Utilities/Utils.cs
  artifactKey: Guid(92cf45d3183be4e1f921c64a4bc2c6db) Importer(2089858483,0ecaa5967403d082aa24f35e1b516d23)
Start importing Assets/_INTERNAL_/Scripts/Utilities/Utils.cs using Guid(92cf45d3183be4e1f921c64a4bc2c6db) Importer(2089858483,0ecaa5967403d082aa24f35e1b516d23) Generated GUIDs only implemented for interfaces!
 -> (artifact id: 'a43488f228cbc4c55c206ee228cd02b5') in 0.009550 seconds
Number of updated asset objects reloaded before import = 0
Number of asset objects unloaded after import = 1
========================================================================
Received Import Request.
  Time since last request: 0.000015 seconds.
  path: Assets/_INTERNAL_/Scripts/Editor/Conditions/Actions/OnOffActionInspector.cs
  artifactKey: Guid(5773a0ba5664d4a39af99d741b830d03) Importer(2089858483,0ecaa5967403d082aa24f35e1b516d23)
Start importing Assets/_INTERNAL_/Scripts/Editor/Conditions/Actions/OnOffActionInspector.cs using Guid(5773a0ba5664d4a39af99d741b830d03) Importer(2089858483,0ecaa5967403d082aa24f35e1b516d23) Generated GUIDs only implemented for interfaces!
 -> (artifact id: '711ecaf63e66b6f47dfc1ea236497e4d') in 0.007647 seconds
Number of updated asset objects reloaded before import = 0
Number of asset objects unloaded after import = 1
========================================================================
Received Import Request.
  Time since last request: 0.000017 seconds.
  path: Assets/_INTERNAL_/Scripts/Editor/DefaultComponents/GameObjectInspector.cs
  artifactKey: Guid(8d81d506dd905439aafd1504fa9cb1cf) Importer(2089858483,0ecaa5967403d082aa24f35e1b516d23)
Start importing Assets/_INTERNAL_/Scripts/Editor/DefaultComponents/GameObjectInspector.cs using Guid(8d81d506dd905439aafd1504fa9cb1cf) Importer(2089858483,0ecaa5967403d082aa24f35e1b516d23) Generated GUIDs only implemented for interfaces!
 -> (artifact id: '3d6559a57d342c8f8c9d58afcdb1f8a2') in 0.007628 seconds
Number of updated asset objects reloaded before import = 0
Number of asset objects unloaded after import = 1
========================================================================
Received Import Request.
  Time since last request: 0.000016 seconds.
  path: Assets/_INTERNAL_/Scripts/UserInterface/BalloonScript.cs
  artifactKey: Guid(81a251437dae74af698cc4f441b8d800) Importer(2089858483,0ecaa5967403d082aa24f35e1b516d23)
Start importing Assets/_INTERNAL_/Scripts/UserInterface/BalloonScript.cs using Guid(81a251437dae74af698cc4f441b8d800) Importer(2089858483,0ecaa5967403d082aa24f35e1b516d23) Generated GUIDs only implemented for interfaces!
 -> (artifact id: 'e7bdc91c4a4dfd943c380a00e7149655') in 0.014901 seconds
Number of updated asset objects reloaded before import = 0
Number of asset objects unloaded after import = 1
========================================================================
Received Import Request.
  Time since last request: 0.000190 seconds.
  path: Assets/_INTERNAL_/Scripts/Editor/ScriptableObjects/InventoryResourcesInspector.cs
  artifactKey: Guid(1aeffc984478642f1a1724115a9b7f71) Importer(2089858483,0ecaa5967403d082aa24f35e1b516d23)
Start importing Assets/_INTERNAL_/Scripts/Editor/ScriptableObjects/InventoryResourcesInspector.cs using Guid(1aeffc984478642f1a1724115a9b7f71) Importer(2089858483,0ecaa5967403d082aa24f35e1b516d23) Generated GUIDs only implemented for interfaces!
 -> (artifact id: 'f61697306ee431bb6aaf2b8b2b0361e3') in 0.018804 seconds
Number of updated asset objects reloaded before import = 0
Number of asset objects unloaded after import = 1
========================================================================
Received Import Request.
  Time since last request: 0.000018 seconds.
  path: Assets/_INTERNAL_/Resources/Textures/PlaygroundSplash.png
  artifactKey: Guid(bcabd42c6a8214706a812d028eea6b35) Importer(2089858483,0ecaa5967403d082aa24f35e1b516d23)
Start importing Assets/_INTERNAL_/Resources/Textures/PlaygroundSplash.png using Guid(bcabd42c6a8214706a812d028eea6b35) Importer(2089858483,0ecaa5967403d082aa24f35e1b516d23) Generated GUIDs only implemented for interfaces!
 -> (artifact id: '8733375bf8638e9644e1d589f4bc8277') in 0.142790 seconds
Number of updated asset objects reloaded before import = 0
Number of asset objects unloaded after import = 3
========================================================================
Received Import Request.
  Time since last request: 0.001090 seconds.
  path: Assets/_INTERNAL_/Scripts/Editor/Movement/AutoMoveInspector.cs
  artifactKey: Guid(1322b1a91e3f24a099e1f5abf6d94de6) Importer(2089858483,0ecaa5967403d082aa24f35e1b516d23)
Start importing Assets/_INTERNAL_/Scripts/Editor/Movement/AutoMoveInspector.cs using Guid(1322b1a91e3f24a099e1f5abf6d94de6) Importer(2089858483,0ecaa5967403d082aa24f35e1b516d23) Generated GUIDs only implemented for interfaces!
 -> (artifact id: '1edd69cd768dc5eb43c6bd204007d614') in 0.011049 seconds
Number of updated asset objects reloaded before import = 0
Number of asset objects unloaded after import = 1
========================================================================
Received Import Request.
  Time since last request: 0.000019 seconds.
  path: Assets/_INTERNAL_/Scripts/Editor/Movement/PushWithButtonInspector.cs
  artifactKey: Guid(c20d88f94dcf44febac0c25436cea694) Importer(2089858483,0ecaa5967403d082aa24f35e1b516d23)
Start importing Assets/_INTERNAL_/Scripts/Editor/Movement/PushWithButtonInspector.cs using Guid(c20d88f94dcf44febac0c25436cea694) Importer(2089858483,0ecaa5967403d082aa24f35e1b516d23) Generated GUIDs only implemented for interfaces!
 -> (artifact id: '14e7a2e5e4c429a0921c77ea52d96f95') in 0.008239 seconds
Number of updated asset objects reloaded before import = 0
Number of asset objects unloaded after import = 1
========================================================================
Received Import Request.
  Time since last request: 0.000026 seconds.
  path: Assets/_INTERNAL_/Scripts/UserInterface/UIScript.cs
  artifactKey: Guid(9aff5eab828ef4f6399febda5f5f27f0) Importer(2089858483,0ecaa5967403d082aa24f35e1b516d23)
Start importing Assets/_INTERNAL_/Scripts/UserInterface/UIScript.cs using Guid(9aff5eab828ef4f6399febda5f5f27f0) Importer(2089858483,0ecaa5967403d082aa24f35e1b516d23) Generated GUIDs only implemented for interfaces!
 -> (artifact id: '75a8fb0821c9ae28da6f71b3bec75865') in 0.006622 seconds
Number of updated asset objects reloaded before import = 0
Number of asset objects unloaded after import = 1
