Using pre-set license
Built from '2022.3/staging' branch; Version is '2022.3.7f1 (b16b3b16c7a0) revision 11627323'; Using compiler version '192829333'; Build Type 'Release'
OS: 'Windows 10  (10.0.19045) 64bit Enterprise' Language: 'en' Physical Memory: 32560 MB
BatchMode: 1, IsHumanControllingUs: 0, StartBugReporterOnCrash: 0, Is64bit: 1, IsPro: 1

COMMAND LINE ARGUMENTS:
C:\Program Files\Unity\Hub\Editor\2022.3.7f1\Editor\Unity.exe
-adb2
-batchMode
-noUpm
-name
AssetImportWorker3
-projectPath
C:/Users/Patricia.Gallant/Desktop/GitHub/UnityPlayground
-logFile
Logs/AssetImportWorker3.log
-srvPort
54117
Successfully changed project path to: C:/Users/Patricia.Gallant/Desktop/GitHub/UnityPlayground
C:/Users/Patricia.Gallant/Desktop/GitHub/UnityPlayground
[UnityMemory] Configuration Parameters - Can be set up in boot.config
    "memorysetup-bucket-allocator-granularity=16"
    "memorysetup-bucket-allocator-bucket-count=8"
    "memorysetup-bucket-allocator-block-size=33554432"
    "memorysetup-bucket-allocator-block-count=8"
    "memorysetup-main-allocator-block-size=16777216"
    "memorysetup-thread-allocator-block-size=16777216"
    "memorysetup-gfx-main-allocator-block-size=16777216"
    "memorysetup-gfx-thread-allocator-block-size=16777216"
    "memorysetup-cache-allocator-block-size=4194304"
    "memorysetup-typetree-allocator-block-size=2097152"
    "memorysetup-profiler-bucket-allocator-granularity=16"
    "memorysetup-profiler-bucket-allocator-bucket-count=8"
    "memorysetup-profiler-bucket-allocator-block-size=33554432"
    "memorysetup-profiler-bucket-allocator-block-count=8"
    "memorysetup-profiler-allocator-block-size=16777216"
    "memorysetup-profiler-editor-allocator-block-size=1048576"
    "memorysetup-temp-allocator-size-main=16777216"
    "memorysetup-job-temp-allocator-block-size=2097152"
    "memorysetup-job-temp-allocator-block-size-background=1048576"
    "memorysetup-job-temp-allocator-reduction-small-platforms=262144"
    "memorysetup-allocator-temp-initial-block-size-main=262144"
    "memorysetup-allocator-temp-initial-block-size-worker=262144"
    "memorysetup-temp-allocator-size-background-worker=32768"
    "memorysetup-temp-allocator-size-job-worker=262144"
    "memorysetup-temp-allocator-size-preload-manager=33554432"
    "memorysetup-temp-allocator-size-nav-mesh-worker=65536"
    "memorysetup-temp-allocator-size-audio-worker=65536"
    "memorysetup-temp-allocator-size-cloud-worker=32768"
    "memorysetup-temp-allocator-size-gi-baking-worker=262144"
    "memorysetup-temp-allocator-size-gfx=262144"
Player connection [35104] Host "[IP] 10.14.192.103 [Port] 0 [Flags] 2 [Guid] 2685861952 [EditorId] 2685861952 [Version] 1048832 [Id] WindowsEditor(7,CT925-233-1) [Debug] 1 [PackageName] WindowsEditor [ProjectName] Editor" joined multi-casting on [225.0.0.222:54997]...

Player connection [35104] Host "[IP] 10.14.192.103 [Port] 0 [Flags] 2 [Guid] 2685861952 [EditorId] 2685861952 [Version] 1048832 [Id] WindowsEditor(7,CT925-233-1) [Debug] 1 [PackageName] WindowsEditor [ProjectName] Editor" joined alternative multi-casting on [225.0.0.222:34997]...

Refreshing native plugins compatible for Editor in 32.42 ms, found 2 plugins.
Preloading 0 native plugins for Editor in 0.00 ms.
Initialize engine version: 2022.3.7f1 (b16b3b16c7a0)
[Subsystems] Discovering subsystems at path C:/Program Files/Unity/Hub/Editor/2022.3.7f1/Editor/Data/Resources/UnitySubsystems
[Subsystems] Discovering subsystems at path C:/Users/Patricia.Gallant/Desktop/GitHub/UnityPlayground/Assets
GfxDevice: creating device client; threaded=0; jobified=0
Direct3D:
    Version:  Direct3D 11.0 [level 11.1]
    Renderer: NVIDIA GeForce RTX 3070 (ID=0x2488)
    Vendor:   NVIDIA
    VRAM:     8031 MB
    Driver:   31.0.15.3619
Initialize mono
Mono path[0] = 'C:/Program Files/Unity/Hub/Editor/2022.3.7f1/Editor/Data/Managed'
Mono path[1] = 'C:/Program Files/Unity/Hub/Editor/2022.3.7f1/Editor/Data/MonoBleedingEdge/lib/mono/unityjit-win32'
Mono config path = 'C:/Program Files/Unity/Hub/Editor/2022.3.7f1/Editor/Data/MonoBleedingEdge/etc'
Using monoOptions --debugger-agent=transport=dt_socket,embedding=1,server=y,suspend=n,address=127.0.0.1:56956
Begin MonoManager ReloadAssembly
Registering precompiled unity dll's ...
Register platform support module: C:/Program Files/Unity/Hub/Editor/2022.3.7f1/Editor/Data/PlaybackEngines/WebGLSupport/UnityEditor.WebGL.Extensions.dll
Register platform support module: C:/Program Files/Unity/Hub/Editor/2022.3.7f1/Editor/Data/PlaybackEngines/AndroidPlayer/UnityEditor.Android.Extensions.dll
Register platform support module: C:/Program Files/Unity/Hub/Editor/2022.3.7f1/Editor/Data/PlaybackEngines/iOSSupport/UnityEditor.iOS.Extensions.dll
Register platform support module: C:/Program Files/Unity/Hub/Editor/2022.3.7f1/Editor/Data/PlaybackEngines/WindowsStandaloneSupport/UnityEditor.WindowsStandalone.Extensions.dll
Register platform support module: C:/Program Files/Unity/Hub/Editor/2022.3.7f1/Editor/Data/PlaybackEngines/MetroSupport/UnityEditor.UWP.Extensions.dll
Registered in 0.030183 seconds.
- Loaded All Assemblies, in  0.620 seconds
Native extension for UWP target not found
Native extension for WindowsStandalone target not found
[usbmuxd] Start listen thread
Native extension for iOS target not found
[usbmuxd] Listen thread started
Native extension for Android target not found
Android Extension - Scanning For ADB Devices 1051 ms
Native extension for WebGL target not found
Mono: successfully reloaded assembly
- Finished resetting the current domain, in  1.584 seconds
Domain Reload Profiling: 2200ms
	BeginReloadAssembly (203ms)
		ExecutionOrderSort (0ms)
		DisableScriptedObjects (0ms)
		BackupInstance (0ms)
		ReleaseScriptingObjects (0ms)
		CreateAndSetChildDomain (1ms)
	RebuildCommonClasses (44ms)
	RebuildNativeTypeToScriptingClass (12ms)
	initialDomainReloadingComplete (136ms)
	LoadAllAssembliesAndSetupDomain (220ms)
		LoadAssemblies (201ms)
		RebuildTransferFunctionScriptingTraits (0ms)
		AnalyzeDomain (214ms)
			TypeCache.Refresh (207ms)
				TypeCache.ScanAssembly (190ms)
			ScanForSourceGeneratedMonoScriptInfo (0ms)
			ResolveRequiredComponents (6ms)
	FinalizeReload (1584ms)
		ReleaseScriptCaches (0ms)
		RebuildScriptCaches (0ms)
		SetupLoadedEditorAssemblies (1475ms)
			LogAssemblyErrors (0ms)
			InitializePlatformSupportModulesInManaged (1253ms)
			SetLoadedEditorAssemblies (6ms)
			RefreshPlugins (0ms)
			BeforeProcessingInitializeOnLoad (4ms)
			ProcessInitializeOnLoadAttributes (135ms)
			ProcessInitializeOnLoadMethodAttributes (77ms)
			AfterProcessingInitializeOnLoad (0ms)
			EditorAssembliesLoaded (0ms)
		ExecutionOrderSort2 (0ms)
		AwakeInstancesAfterBackupRestoration (0ms)
========================================================================
Worker process is ready to serve import requests
Begin MonoManager ReloadAssembly
Symbol file LoadedFromMemory is not a mono symbol file
- Loaded All Assemblies, in  1.162 seconds
Refreshing native plugins compatible for Editor in 28.64 ms, found 2 plugins.
Native extension for UWP target not found
Native extension for WindowsStandalone target not found
Native extension for iOS target not found
Native extension for Android target not found
Native extension for WebGL target not found
Mono: successfully reloaded assembly
- Finished resetting the current domain, in  1.113 seconds
Domain Reload Profiling: 2257ms
	BeginReloadAssembly (237ms)
		ExecutionOrderSort (0ms)
		DisableScriptedObjects (15ms)
		BackupInstance (0ms)
		ReleaseScriptingObjects (0ms)
		CreateAndSetChildDomain (27ms)
	RebuildCommonClasses (40ms)
	RebuildNativeTypeToScriptingClass (23ms)
	initialDomainReloadingComplete (70ms)
	LoadAllAssembliesAndSetupDomain (773ms)
		LoadAssemblies (725ms)
		RebuildTransferFunctionScriptingTraits (0ms)
		AnalyzeDomain (196ms)
			TypeCache.Refresh (154ms)
				TypeCache.ScanAssembly (129ms)
			ScanForSourceGeneratedMonoScriptInfo (37ms)
			ResolveRequiredComponents (5ms)
	FinalizeReload (1114ms)
		ReleaseScriptCaches (0ms)
		RebuildScriptCaches (0ms)
		SetupLoadedEditorAssemblies (824ms)
			LogAssemblyErrors (0ms)
			InitializePlatformSupportModulesInManaged (66ms)
			SetLoadedEditorAssemblies (6ms)
			RefreshPlugins (0ms)
			BeforeProcessingInitializeOnLoad (154ms)
			ProcessInitializeOnLoadAttributes (376ms)
			ProcessInitializeOnLoadMethodAttributes (203ms)
			AfterProcessingInitializeOnLoad (17ms)
			EditorAssembliesLoaded (0ms)
		ExecutionOrderSort2 (0ms)
		AwakeInstancesAfterBackupRestoration (13ms)
Launched and connected shader compiler UnityShaderCompiler.exe after 0.09 seconds
Refreshing native plugins compatible for Editor in 20.99 ms, found 2 plugins.
Preloading 0 native plugins for Editor in 0.00 ms.
Unloading 2584 Unused Serialized files (Serialized files now loaded: 0)
Unloading 60 unused Assets / (68.2 KB). Loaded Objects now: 3030.
Memory consumption went from 109.4 MB to 109.3 MB.
Total: 7.161500 ms (FindLiveObjects: 0.374400 ms CreateObjectMapping: 0.093400 ms MarkObjects: 6.563500 ms  DeleteObjects: 0.128900 ms)

AssetImportParameters requested are different than current active one (requested -> active):
  custom:video-decoder-webm-vp8: 9c59270c3fd7afecdb556c50c9e8de78 -> 
  custom:scripting/monoscript/fileName/BoxCollider2DInspector.cs: ffe8369810cbe27999b6e12b6dc0d152 -> 
  custom:scripting/monoscript/fileName/CapsuleCollider2DInspector.cs: fa3d3e30a52c087c8ff9e37179437120 -> 
  custom:SearchIndexIgnoredProperties: e643bd26f0fe6173181afceb89e7c659 -> 
  custom:scripting/monoscript/fileName/EdgeCollider2DInspector.cs: 6d4c059bf299caf179946b3deab394bd -> 
  custom:container-demuxer-ogg: 62fdf1f143b41e24485cea50d1cbac27 -> 
  custom:AudioImporter_EditorPlatform: d09bf68614088b80899f8185d706f6e7 -> 
  custom:scripting/monoscript/fileName/SpriteRendererInspector.cs: c2967c6cfffde3ba6ac62820cbed562e -> 
  custom:video-decoder-ogg-theora: a1e56fd34408186e4bbccfd4996cb3dc -> 
  custom:scripting/monoscript/fileName/TransformInspector.cs: 72dd3684876f2116e3d7bc62fe53cac0 -> 
  custom:scripting/monoscript/fileName/CameraInspector.cs: c0e1ff234a743945801d89558fc74f9c -> 
  custom:framework-win-MediaFoundation: 216162199b28c13a410421893ffa2e32 -> 
  custom:scripting/monoscript/fileName/Rigidbody2DInspector.cs: 1435e0fd38f8fd5b4bd12eed0db19b70 -> 
  custom:scripting/monoscript/fileName/CircleCollider2DInspector.cs: 2781504f7ebb5897aebc2a00e1a74c84 -> 
  custom:scripting/monoscript/fileName/TilemapCollider2DInspector.cs: 9ba25400e38e10108e92cce64b2612b1 -> 
  custom:video-encoder-webm-vp8: eb34c28f22e8b96e1ab97ce403110664 -> 
  custom:audio-decoder-ogg-vorbis: bf7c407c2cedff20999df2af8eb42d56 -> 
  custom:CustomObjectIndexerAttribute: 756ad292c208cfabdd7b50bc23989ffe -> 
  custom:scripting/monoscript/fileName/GameObjectInspector.cs: a76f41c645dd4a6ab364000d33857446 -> 
  custom:scripting/monoscript/fileName/PolygonCollider2DInspector.cs: 57904cd123fcf0a572d83dacff8e9d4a -> 
  custom:container-demuxer-webm: 4f35f7cbe854078d1ac9338744f61a02 -> 
  custom:audio-encoder-webm-vorbis: bf7c407c2cedff20999df2af8eb42d56 -> 
  custom:container-muxer-webm: aa71ff27fc2769a1b78a27578f13a17b -> 
========================================================================
Received Import Request.
  Time since last request: 675308.247477 seconds.
  path: Assets/_INTERNAL_/Resources/Textures/GreyPro.png
  artifactKey: Guid(ced64becf2b7c454cadeb12633605210) Importer(2089858483,0ecaa5967403d082aa24f35e1b516d23)
Start importing Assets/_INTERNAL_/Resources/Textures/GreyPro.png using Guid(ced64becf2b7c454cadeb12633605210) Importer(2089858483,0ecaa5967403d082aa24f35e1b516d23) Generated GUIDs only implemented for interfaces!
 -> (artifact id: '242b63dfc3c1c065ab0bfa79d711474d') in 0.250538 seconds
Number of updated asset objects reloaded before import = 0
Number of asset objects unloaded after import = 3
========================================================================
Received Import Request.
  Time since last request: 0.000020 seconds.
  path: Assets/_INTERNAL_/Scripts/Editor/DefaultComponents/SpriteRendererInspector.cs
  artifactKey: Guid(c877d5ec7cef74f638c1834247aaa8db) Importer(2089858483,0ecaa5967403d082aa24f35e1b516d23)
Start importing Assets/_INTERNAL_/Scripts/Editor/DefaultComponents/SpriteRendererInspector.cs using Guid(c877d5ec7cef74f638c1834247aaa8db) Importer(2089858483,0ecaa5967403d082aa24f35e1b516d23) Generated GUIDs only implemented for interfaces!
 -> (artifact id: '6e5235b64ebf1c1dbff56822ba97ec47') in 0.010575 seconds
Number of updated asset objects reloaded before import = 0
Number of asset objects unloaded after import = 1
========================================================================
Received Import Request.
  Time since last request: 0.000027 seconds.
  path: Assets/_INTERNAL_/Scripts/Editor/Attributes/DestroyForPointsAttrInspector.cs
  artifactKey: Guid(acfb33601e4e44c4c9166d8ef4d8a9ea) Importer(2089858483,0ecaa5967403d082aa24f35e1b516d23)
Start importing Assets/_INTERNAL_/Scripts/Editor/Attributes/DestroyForPointsAttrInspector.cs using Guid(acfb33601e4e44c4c9166d8ef4d8a9ea) Importer(2089858483,0ecaa5967403d082aa24f35e1b516d23) Generated GUIDs only implemented for interfaces!
 -> (artifact id: '9cafbd610f2125e732427e8f489fd03c') in 0.010043 seconds
Number of updated asset objects reloaded before import = 0
Number of asset objects unloaded after import = 1
========================================================================
Received Import Request.
  Time since last request: 0.000015 seconds.
  path: Assets/_INTERNAL_/Scripts/Editor/DefaultComponents/TransformInspector.cs
  artifactKey: Guid(778fbde912c124ecda5c0971a588ef5f) Importer(2089858483,0ecaa5967403d082aa24f35e1b516d23)
Start importing Assets/_INTERNAL_/Scripts/Editor/DefaultComponents/TransformInspector.cs using Guid(778fbde912c124ecda5c0971a588ef5f) Importer(2089858483,0ecaa5967403d082aa24f35e1b516d23) Generated GUIDs only implemented for interfaces!
 -> (artifact id: 'a7816b33c9dd84bb409999afcdfb64a8') in 0.007644 seconds
Number of updated asset objects reloaded before import = 0
Number of asset objects unloaded after import = 1
========================================================================
Received Import Request.
  Time since last request: 0.000017 seconds.
  path: Assets/_INTERNAL_/Scripts/Editor/Gameplay/ObjectShooterInspector.cs
  artifactKey: Guid(4f9839358e27244d5b44b03fc6a4a8fe) Importer(2089858483,0ecaa5967403d082aa24f35e1b516d23)
Start importing Assets/_INTERNAL_/Scripts/Editor/Gameplay/ObjectShooterInspector.cs using Guid(4f9839358e27244d5b44b03fc6a4a8fe) Importer(2089858483,0ecaa5967403d082aa24f35e1b516d23) Generated GUIDs only implemented for interfaces!
 -> (artifact id: '65ed195ed183ead8fcf294a0db11c4e6') in 0.012952 seconds
Number of updated asset objects reloaded before import = 0
Number of asset objects unloaded after import = 1
========================================================================
Received Import Request.
  Time since last request: 0.000017 seconds.
  path: Assets/_INTERNAL_/Scripts/BaseClasses/Physics2DObject.cs
  artifactKey: Guid(c6302268f078f4bcda2d581ef8c42c91) Importer(2089858483,0ecaa5967403d082aa24f35e1b516d23)
Start importing Assets/_INTERNAL_/Scripts/BaseClasses/Physics2DObject.cs using Guid(c6302268f078f4bcda2d581ef8c42c91) Importer(2089858483,0ecaa5967403d082aa24f35e1b516d23) Generated GUIDs only implemented for interfaces!
 -> (artifact id: 'ec5b51bfbcd870033651308133a19058') in 0.007242 seconds
Number of updated asset objects reloaded before import = 0
Number of asset objects unloaded after import = 1
========================================================================
Received Import Request.
  Time since last request: 0.000017 seconds.
  path: Assets/_INTERNAL_/Scripts/Editor/Movement/WanderInspector.cs
  artifactKey: Guid(a1d8adbbbf0cb428bba4f29678b972ef) Importer(2089858483,0ecaa5967403d082aa24f35e1b516d23)
Start importing Assets/_INTERNAL_/Scripts/Editor/Movement/WanderInspector.cs using Guid(a1d8adbbbf0cb428bba4f29678b972ef) Importer(2089858483,0ecaa5967403d082aa24f35e1b516d23) Generated GUIDs only implemented for interfaces!
 -> (artifact id: '707b7fb17a5ff863f6ee464033c9227c') in 0.008694 seconds
Number of updated asset objects reloaded before import = 0
Number of asset objects unloaded after import = 1
========================================================================
Received Import Request.
  Time since last request: 0.000017 seconds.
  path: Assets/_INTERNAL_/Scripts/Editor/Movement/MoveWithArrowsInspector.cs
  artifactKey: Guid(a251a327befec4288ad39af9f5cac929) Importer(2089858483,0ecaa5967403d082aa24f35e1b516d23)
Start importing Assets/_INTERNAL_/Scripts/Editor/Movement/MoveWithArrowsInspector.cs using Guid(a251a327befec4288ad39af9f5cac929) Importer(2089858483,0ecaa5967403d082aa24f35e1b516d23) Generated GUIDs only implemented for interfaces!
 -> (artifact id: '16becf3fd43b980d1c4db3bc4c8a8472') in 0.010873 seconds
Number of updated asset objects reloaded before import = 0
Number of asset objects unloaded after import = 1
========================================================================
Received Import Request.
  Time since last request: 0.000017 seconds.
  path: Assets/_INTERNAL_/Resources/Textures/PlaygroundIcon.png
  artifactKey: Guid(4665a51895b334ccda756f80f158598b) Importer(2089858483,0ecaa5967403d082aa24f35e1b516d23)
Start importing Assets/_INTERNAL_/Resources/Textures/PlaygroundIcon.png using Guid(4665a51895b334ccda756f80f158598b) Importer(2089858483,0ecaa5967403d082aa24f35e1b516d23) Generated GUIDs only implemented for interfaces!
 -> (artifact id: '8a7d51d39064fd6f815076971c9a2805') in 0.066517 seconds
Number of updated asset objects reloaded before import = 0
Number of asset objects unloaded after import = 3
========================================================================
Received Import Request.
  Time since last request: 0.000828 seconds.
  path: Assets/_INTERNAL_/Scripts/Editor/Attributes/ResourceAttrInspector.cs
  artifactKey: Guid(8a962294f30be4780926d8a5ed0cfcdf) Importer(2089858483,0ecaa5967403d082aa24f35e1b516d23)
Start importing Assets/_INTERNAL_/Scripts/Editor/Attributes/ResourceAttrInspector.cs using Guid(8a962294f30be4780926d8a5ed0cfcdf) Importer(2089858483,0ecaa5967403d082aa24f35e1b516d23) Generated GUIDs only implemented for interfaces!
 -> (artifact id: '4e3225dc051f43665bcbb9e8da48ad8d') in 0.011172 seconds
Number of updated asset objects reloaded before import = 0
Number of asset objects unloaded after import = 1
========================================================================
Received Import Request.
  Time since last request: 0.000248 seconds.
  path: Assets/_INTERNAL_/Scripts/Editor/Attributes/CollectableAttrInspector.cs
  artifactKey: Guid(e3a35438b823b4050ba3a6374bb43d1d) Importer(2089858483,0ecaa5967403d082aa24f35e1b516d23)
Start importing Assets/_INTERNAL_/Scripts/Editor/Attributes/CollectableAttrInspector.cs using Guid(e3a35438b823b4050ba3a6374bb43d1d) Importer(2089858483,0ecaa5967403d082aa24f35e1b516d23) Generated GUIDs only implemented for interfaces!
 -> (artifact id: '5c27448e8269fd26f295e02f80aa905e') in 0.008272 seconds
Number of updated asset objects reloaded before import = 0
Number of asset objects unloaded after import = 1
Editor requested this worker to shutdown with reason: Scaling down because of idle timeout
TcpMessagingSession - receive error: operation aborted. errorcode: 995, details: The I/O operation has been aborted because of either a thread exit or an application request.
AssetImportWorker is now disconnected from the server
Process exiting
Exiting without the bug reporter. Application will terminate with return code 0